Base path: D:/ProgramFiles/Unity/Editor/Data
Pipe name: \\.\pipe\UnityShaderCompiler-3-15496
Cmd: getPlatforms
Cmd: compileSnippet
  api=9 type=0 insize=986 outsize=721 kw= ok=1
Cmd: compileSnippet
  api=9 type=0 insize=1274 outsize=1049 kw= ok=1
Cmd: compileSnippet
  api=9 type=1 insize=1274 outsize=7 kw= ok=1
Cmd: compileSnippet
  api=9 type=1 insize=949 outsize=7 kw= ok=1
Cmd: compileSnippet
  api=9 type=0 insize=1282 outsize=1276 kw= ok=1
Cmd: compileSnippet
  api=9 type=0 insize=1222 outsize=1116 kw= ok=1
Cmd: compileSnippet
  api=9 type=0 insize=1218 outsize=1116 kw= ok=1
Cmd: compileSnippet
  api=9 type=0 insize=1277 outsize=1033 kw= ok=1
Cmd: compileSnippet
  api=9 type=0 insize=1333 outsize=1049 kw= ok=1
Cmd: compileSnippet
  api=9 type=0 insize=956 outsize=793 kw= ok=1
Cmd: compileSnippet
  api=9 type=0 insize=1051 outsize=1052 kw= ok=1
Cmd: compileSnippet
  api=9 type=1 insize=1051 outsize=7 kw= ok=1
Cmd: compileSnippet
  api=9 type=0 insize=1041 outsize=928 kw= ok=1
Unhandled exception: Readfile from pipe failed. GLE=管道已結束。


Quitting shader compiler process
